<?xml version="1.0" encoding="UTF-8"?>
<!-- Generated by org.testng.reporters.JUnitReportReporter -->
<testsuite hostname="MacBook-Pro.local" failures="0" tests="1" name="com.skillio.MyTestCases" time="17.361" errors="0" timestamp="2025-09-01T09:22:33 IST" skipped="0">
  <testcase classname="com.skillio.MyTestCases" name="verfiyJeansFilterOnSRP" time="17.361"/>
</testsuite> <!-- com.skillio.MyTestCases -->
